d:\github\reinforcement-learning-based-autonomous-drone-control-simulation-and-real-world-testing\autonomous_drone_rl_simulation\build\autonomous_drone_rl_simulation.dir\debug\vc143.pdb
d:\github\reinforcement-learning-based-autonomous-drone-control-simulation-and-real-world-testing\autonomous_drone_rl_simulation\build\autonomous_drone_rl_simulation.dir\debug\enviro.obj
d:\github\reinforcement-learning-based-autonomous-drone-control-simulation-and-real-world-testing\autonomous_drone_rl_simulation\build\autonomous_drone_rl_simulation.dir\debug\physics.obj
d:\github\reinforcement-learning-based-autonomous-drone-control-simulation-and-real-world-testing\autonomous_drone_rl_simulation\build\autonomous_drone_rl_simulation.dir\debug\simu_controller.obj
d:\github\reinforcement-learning-based-autonomous-drone-control-simulation-and-real-world-testing\autonomous_drone_rl_simulation\build\autonomous_drone_rl_simulation.dir\debug\drone.obj
d:\github\reinforcement-learning-based-autonomous-drone-control-simulation-and-real-world-testing\autonomous_drone_rl_simulation\build\autonomous_drone_rl_simulation.dir\debug\main.obj
d:\github\reinforcement-learning-based-autonomous-drone-control-simulation-and-real-world-testing\autonomous_drone_rl_simulation\build\cmakefiles\generate.stamp
d:\github\reinforcement-learning-based-autonomous-drone-control-simulation-and-real-world-testing\autonomous_drone_rl_simulation\build\autonomous_drone_rl_simulation.dir\debug\autonomous_drone_rl_simulation.ilk
d:\github\reinforcement-learning-based-autonomous-drone-control-simulation-and-real-world-testing\autonomous_drone_rl_simulation\build\debug\autonomous_drone_rl_simulation.pdb
d:\github\reinforcement-learning-based-autonomous-drone-control-simulation-and-real-world-testing\autonomous_drone_rl_simulation\build\autonomous_drone_rl_simulation.dir\debug\autonomo.445f3dd7.tlog\cl.command.1.tlog
d:\github\reinforcement-learning-based-autonomous-drone-control-simulation-and-real-world-testing\autonomous_drone_rl_simulation\build\autonomous_drone_rl_simulation.dir\debug\autonomo.445f3dd7.tlog\cl.items.tlog
d:\github\reinforcement-learning-based-autonomous-drone-control-simulation-and-real-world-testing\autonomous_drone_rl_simulation\build\autonomous_drone_rl_simulation.dir\debug\autonomo.445f3dd7.tlog\cl.read.1.tlog
d:\github\reinforcement-learning-based-autonomous-drone-control-simulation-and-real-world-testing\autonomous_drone_rl_simulation\build\autonomous_drone_rl_simulation.dir\debug\autonomo.445f3dd7.tlog\cl.write.1.tlog
d:\github\reinforcement-learning-based-autonomous-drone-control-simulation-and-real-world-testing\autonomous_drone_rl_simulation\build\autonomous_drone_rl_simulation.dir\debug\autonomo.445f3dd7.tlog\custombuild.command.1.tlog
d:\github\reinforcement-learning-based-autonomous-drone-control-simulation-and-real-world-testing\autonomous_drone_rl_simulation\build\autonomous_drone_rl_simulation.dir\debug\autonomo.445f3dd7.tlog\custombuild.read.1.tlog
d:\github\reinforcement-learning-based-autonomous-drone-control-simulation-and-real-world-testing\autonomous_drone_rl_simulation\build\autonomous_drone_rl_simulation.dir\debug\autonomo.445f3dd7.tlog\custombuild.write.1.tlog
d:\github\reinforcement-learning-based-autonomous-drone-control-simulation-and-real-world-testing\autonomous_drone_rl_simulation\build\autonomous_drone_rl_simulation.dir\debug\autonomo.445f3dd7.tlog\link-cvtres.read.1.tlog
d:\github\reinforcement-learning-based-autonomous-drone-control-simulation-and-real-world-testing\autonomous_drone_rl_simulation\build\autonomous_drone_rl_simulation.dir\debug\autonomo.445f3dd7.tlog\link-cvtres.write.1.tlog
d:\github\reinforcement-learning-based-autonomous-drone-control-simulation-and-real-world-testing\autonomous_drone_rl_simulation\build\autonomous_drone_rl_simulation.dir\debug\autonomo.445f3dd7.tlog\link-rc.read.1.tlog
d:\github\reinforcement-learning-based-autonomous-drone-control-simulation-and-real-world-testing\autonomous_drone_rl_simulation\build\autonomous_drone_rl_simulation.dir\debug\autonomo.445f3dd7.tlog\link-rc.write.1.tlog
d:\github\reinforcement-learning-based-autonomous-drone-control-simulation-and-real-world-testing\autonomous_drone_rl_simulation\build\autonomous_drone_rl_simulation.dir\debug\autonomo.445f3dd7.tlog\link.12940-cvtres.read.1.tlog
d:\github\reinforcement-learning-based-autonomous-drone-control-simulation-and-real-world-testing\autonomous_drone_rl_simulation\build\autonomous_drone_rl_simulation.dir\debug\autonomo.445f3dd7.tlog\link.12940-cvtres.write.1.tlog
d:\github\reinforcement-learning-based-autonomous-drone-control-simulation-and-real-world-testing\autonomous_drone_rl_simulation\build\autonomous_drone_rl_simulation.dir\debug\autonomo.445f3dd7.tlog\link.12940-rc.read.1.tlog
d:\github\reinforcement-learning-based-autonomous-drone-control-simulation-and-real-world-testing\autonomous_drone_rl_simulation\build\autonomous_drone_rl_simulation.dir\debug\autonomo.445f3dd7.tlog\link.12940-rc.write.1.tlog
d:\github\reinforcement-learning-based-autonomous-drone-control-simulation-and-real-world-testing\autonomous_drone_rl_simulation\build\autonomous_drone_rl_simulation.dir\debug\autonomo.445f3dd7.tlog\link.12940.read.1.tlog
d:\github\reinforcement-learning-based-autonomous-drone-control-simulation-and-real-world-testing\autonomous_drone_rl_simulation\build\autonomous_drone_rl_simulation.dir\debug\autonomo.445f3dd7.tlog\link.12940.read.2.tlog
d:\github\reinforcement-learning-based-autonomous-drone-control-simulation-and-real-world-testing\autonomous_drone_rl_simulation\build\autonomous_drone_rl_simulation.dir\debug\autonomo.445f3dd7.tlog\link.12940.read.3.tlog
d:\github\reinforcement-learning-based-autonomous-drone-control-simulation-and-real-world-testing\autonomous_drone_rl_simulation\build\autonomous_drone_rl_simulation.dir\debug\autonomo.445f3dd7.tlog\link.12940.read.4.tlog
d:\github\reinforcement-learning-based-autonomous-drone-control-simulation-and-real-world-testing\autonomous_drone_rl_simulation\build\autonomous_drone_rl_simulation.dir\debug\autonomo.445f3dd7.tlog\link.12940.write.1.tlog
d:\github\reinforcement-learning-based-autonomous-drone-control-simulation-and-real-world-testing\autonomous_drone_rl_simulation\build\autonomous_drone_rl_simulation.dir\debug\autonomo.445f3dd7.tlog\link.command.1.tlog
d:\github\reinforcement-learning-based-autonomous-drone-control-simulation-and-real-world-testing\autonomous_drone_rl_simulation\build\autonomous_drone_rl_simulation.dir\debug\autonomo.445f3dd7.tlog\link.read.1.tlog
d:\github\reinforcement-learning-based-autonomous-drone-control-simulation-and-real-world-testing\autonomous_drone_rl_simulation\build\autonomous_drone_rl_simulation.dir\debug\autonomo.445f3dd7.tlog\link.read.2.tlog
d:\github\reinforcement-learning-based-autonomous-drone-control-simulation-and-real-world-testing\autonomous_drone_rl_simulation\build\autonomous_drone_rl_simulation.dir\debug\autonomo.445f3dd7.tlog\link.read.3.tlog
d:\github\reinforcement-learning-based-autonomous-drone-control-simulation-and-real-world-testing\autonomous_drone_rl_simulation\build\autonomous_drone_rl_simulation.dir\debug\autonomo.445f3dd7.tlog\link.read.4.tlog
d:\github\reinforcement-learning-based-autonomous-drone-control-simulation-and-real-world-testing\autonomous_drone_rl_simulation\build\autonomous_drone_rl_simulation.dir\debug\autonomo.445f3dd7.tlog\link.secondary.1.tlog
d:\github\reinforcement-learning-based-autonomous-drone-control-simulation-and-real-world-testing\autonomous_drone_rl_simulation\build\autonomous_drone_rl_simulation.dir\debug\autonomo.445f3dd7.tlog\link.write.1.tlog
